{"H:\\Documentos\\CODE\\TP-Eng-Software\\server\\src\\entidades\\Cliente\\services\\ClienteService.ts": {"path":"H:\\Documentos\\CODE\\TP-Eng-Software\\server\\src\\entidades\\Cliente\\services\\ClienteService.ts","statementMap":{"0":{"start":{"line":2,"column":0},"end":{"line":2,"column":73}},"1":{"start":{"line":3,"column":0},"end":{"line":3,"column":58}},"2":{"start":{"line":7,"column":28},"end":{"line":14,"column":null}},"3":{"start":{"line":15,"column":8},"end":{"line":15,"column":42}},"4":{"start":{"line":19,"column":24},"end":{"line":19,"column":58}},"5":{"start":{"line":20,"column":8},"end":{"line":20,"column":35}},"6":{"start":{"line":24,"column":24},"end":{"line":24,"column":58}},"7":{"start":{"line":25,"column":8},"end":{"line":25,"column":32}},"8":{"start":{"line":29,"column":24},"end":{"line":29,"column":57}},"9":{"start":{"line":30,"column":8},"end":{"line":30,"column":64}},"10":{"start":{"line":30,"column":22},"end":{"line":30,"column":64}},"11":{"start":{"line":31,"column":8},"end":{"line":31,"column":23}},"12":{"start":{"line":35,"column":24},"end":{"line":35,"column":68}},"13":{"start":{"line":36,"column":8},"end":{"line":36,"column":64}},"14":{"start":{"line":36,"column":22},"end":{"line":36,"column":64}},"15":{"start":{"line":37,"column":8},"end":{"line":37,"column":23}},"16":{"start":{"line":41,"column":25},"end":{"line":41,"column":48}},"17":{"start":{"line":42,"column":8},"end":{"line":42,"column":24}},"18":{"start":{"line":46,"column":24},"end":{"line":46,"column":58}},"19":{"start":{"line":47,"column":26},"end":{"line":47,"column":87}},"20":{"start":{"line":48,"column":8},"end":{"line":48,"column":62}},"21":{"start":{"line":53,"column":0},"end":{"line":53,"column":36}}},"fnMap":{"0":{"name":"(anonymous_8)","decl":{"start":{"line":6,"column":10},"end":{"line":6,"column":21}},"loc":{"start":{"line":6,"column":40},"end":{"line":16,"column":null}}},"1":{"name":"(anonymous_10)","decl":{"start":{"line":18,"column":10},"end":{"line":18,"column":22}},"loc":{"start":{"line":18,"column":60},"end":{"line":21,"column":null}}},"2":{"name":"(anonymous_12)","decl":{"start":{"line":23,"column":10},"end":{"line":23,"column":23}},"loc":{"start":{"line":23,"column":41},"end":{"line":26,"column":null}}},"3":{"name":"(anonymous_14)","decl":{"start":{"line":28,"column":10},"end":{"line":28,"column":22}},"loc":{"start":{"line":28,"column":40},"end":{"line":32,"column":null}}},"4":{"name":"(anonymous_16)","decl":{"start":{"line":34,"column":10},"end":{"line":34,"column":29}},"loc":{"start":{"line":34,"column":42},"end":{"line":38,"column":null}}},"5":{"name":"(anonymous_18)","decl":{"start":{"line":40,"column":10},"end":{"line":40,"column":30}},"loc":{"start":{"line":40,"column":30},"end":{"line":43,"column":null}}},"6":{"name":"(anonymous_20)","decl":{"start":{"line":45,"column":10},"end":{"line":45,"column":25}},"loc":{"start":{"line":45,"column":43},"end":{"line":49,"column":null}}}},"branchMap":{"0":{"loc":{"start":{"line":30,"column":8},"end":{"line":30,"column":64}},"type":"if","locations":[{"start":{"line":30,"column":8},"end":{"line":30,"column":64}}]},"1":{"loc":{"start":{"line":36,"column":8},"end":{"line":36,"column":64}},"type":"if","locations":[{"start":{"line":36,"column":8},"end":{"line":36,"column":64}}]}},"s":{"0":3,"1":3,"2":1,"3":1,"4":1,"5":1,"6":1,"7":1,"8":5,"9":5,"10":1,"11":4,"12":9,"13":9,"14":1,"15":8,"16":1,"17":1,"18":1,"19":1,"20":1,"21":3},"f":{"0":1,"1":1,"2":1,"3":5,"4":9,"5":1,"6":1},"b":{"0":[1],"1":[1]}}
,"H:\\Documentos\\CODE\\TP-Eng-Software\\server\\src\\entidades\\Funcionario\\services\\FuncionarioService.ts": {"path":"H:\\Documentos\\CODE\\TP-Eng-Software\\server\\src\\entidades\\Funcionario\\services\\FuncionarioService.ts","statementMap":{"0":{"start":{"line":1,"column":0},"end":{"line":1,"column":70}},"1":{"start":{"line":5,"column":32},"end":{"line":11,"column":null}},"2":{"start":{"line":12,"column":8},"end":{"line":12,"column":50}},"3":{"start":{"line":16,"column":28},"end":{"line":16,"column":70}},"4":{"start":{"line":17,"column":8},"end":{"line":17,"column":39}},"5":{"start":{"line":21,"column":28},"end":{"line":21,"column":70}},"6":{"start":{"line":22,"column":8},"end":{"line":22,"column":36}},"7":{"start":{"line":26,"column":28},"end":{"line":26,"column":69}},"8":{"start":{"line":27,"column":8},"end":{"line":27,"column":72}},"9":{"start":{"line":27,"column":26},"end":{"line":27,"column":72}},"10":{"start":{"line":28,"column":8},"end":{"line":28,"column":27}},"11":{"start":{"line":32,"column":29},"end":{"line":32,"column":56}},"12":{"start":{"line":33,"column":8},"end":{"line":33,"column":28}},"13":{"start":{"line":37,"column":29},"end":{"line":37,"column":79}},"14":{"start":{"line":38,"column":8},"end":{"line":38,"column":28}},"15":{"start":{"line":42,"column":28},"end":{"line":42,"column":76}},"16":{"start":{"line":43,"column":8},"end":{"line":43,"column":72}},"17":{"start":{"line":43,"column":26},"end":{"line":43,"column":72}},"18":{"start":{"line":44,"column":8},"end":{"line":44,"column":27}},"19":{"start":{"line":48,"column":29},"end":{"line":48,"column":97}},"20":{"start":{"line":49,"column":8},"end":{"line":49,"column":28}},"21":{"start":{"line":53,"column":28},"end":{"line":53,"column":101}},"22":{"start":{"line":54,"column":8},"end":{"line":54,"column":75}},"23":{"start":{"line":54,"column":26},"end":{"line":54,"column":75}},"24":{"start":{"line":55,"column":8},"end":{"line":55,"column":27}},"25":{"start":{"line":59,"column":28},"end":{"line":59,"column":70}},"26":{"start":{"line":60,"column":8},"end":{"line":60,"column":61}},"27":{"start":{"line":64,"column":0},"end":{"line":64,"column":40}}},"fnMap":{"0":{"name":"(anonymous_7)","decl":{"start":{"line":4,"column":10},"end":{"line":4,"column":25}},"loc":{"start":{"line":4,"column":48},"end":{"line":13,"column":null}}},"1":{"name":"(anonymous_9)","decl":{"start":{"line":15,"column":10},"end":{"line":15,"column":26}},"loc":{"start":{"line":15,"column":72},"end":{"line":18,"column":null}}},"2":{"name":"(anonymous_11)","decl":{"start":{"line":20,"column":10},"end":{"line":20,"column":27}},"loc":{"start":{"line":20,"column":49},"end":{"line":23,"column":null}}},"3":{"name":"(anonymous_13)","decl":{"start":{"line":25,"column":10},"end":{"line":25,"column":26}},"loc":{"start":{"line":25,"column":48},"end":{"line":29,"column":null}}},"4":{"name":"(anonymous_15)","decl":{"start":{"line":31,"column":10},"end":{"line":31,"column":34}},"loc":{"start":{"line":31,"column":34},"end":{"line":34,"column":null}}},"5":{"name":"(anonymous_17)","decl":{"start":{"line":36,"column":10},"end":{"line":36,"column":37}},"loc":{"start":{"line":36,"column":51},"end":{"line":39,"column":null}}},"6":{"name":"(anonymous_19)","decl":{"start":{"line":41,"column":10},"end":{"line":41,"column":35}},"loc":{"start":{"line":41,"column":48},"end":{"line":45,"column":null}}},"7":{"name":"(anonymous_21)","decl":{"start":{"line":47,"column":10},"end":{"line":47,"column":48}},"loc":{"start":{"line":47,"column":62},"end":{"line":50,"column":null}}},"8":{"name":"(anonymous_23)","decl":{"start":{"line":52,"column":10},"end":{"line":52,"column":38}},"loc":{"start":{"line":52,"column":38},"end":{"line":56,"column":null}}},"9":{"name":"(anonymous_25)","decl":{"start":{"line":58,"column":10},"end":{"line":58,"column":26}},"loc":{"start":{"line":58,"column":48},"end":{"line":61,"column":null}}}},"branchMap":{"0":{"loc":{"start":{"line":27,"column":8},"end":{"line":27,"column":72}},"type":"if","locations":[{"start":{"line":27,"column":8},"end":{"line":27,"column":72}}]},"1":{"loc":{"start":{"line":43,"column":8},"end":{"line":43,"column":72}},"type":"if","locations":[{"start":{"line":43,"column":8},"end":{"line":43,"column":72}}]},"2":{"loc":{"start":{"line":54,"column":8},"end":{"line":54,"column":75}},"type":"if","locations":[{"start":{"line":54,"column":8},"end":{"line":54,"column":75}}]}},"s":{"0":4,"1":1,"2":1,"3":1,"4":1,"5":1,"6":1,"7":6,"8":6,"9":1,"10":5,"11":1,"12":1,"13":1,"14":1,"15":3,"16":3,"17":1,"18":2,"19":1,"20":1,"21":3,"22":3,"23":1,"24":2,"25":2,"26":2,"27":4},"f":{"0":1,"1":1,"2":1,"3":6,"4":1,"5":1,"6":3,"7":1,"8":3,"9":2},"b":{"0":[1],"1":[1],"2":[1]}}
,"H:\\Documentos\\CODE\\TP-Eng-Software\\server\\src\\entidades\\Orcamento\\services\\OrcamentoService.ts": {"path":"H:\\Documentos\\CODE\\TP-Eng-Software\\server\\src\\entidades\\Orcamento\\services\\OrcamentoService.ts","statementMap":{"0":{"start":{"line":2,"column":0},"end":{"line":2,"column":67}},"1":{"start":{"line":3,"column":0},"end":{"line":3,"column":58}},"2":{"start":{"line":4,"column":0},"end":{"line":4,"column":67}},"3":{"start":{"line":5,"column":0},"end":{"line":5,"column":64}},"4":{"start":{"line":9,"column":41},"end":{"line":9,"column":94}},"5":{"start":{"line":11,"column":21},"end":{"line":11,"column":65}},"6":{"start":{"line":13,"column":8},"end":{"line":13,"column":106}},"7":{"start":{"line":13,"column":54},"end":{"line":13,"column":106}},"8":{"start":{"line":15,"column":22},"end":{"line":15,"column":45}},"9":{"start":{"line":17,"column":30},"end":{"line":26,"column":null}},"10":{"start":{"line":27,"column":8},"end":{"line":27,"column":46}},"11":{"start":{"line":31,"column":26},"end":{"line":31,"column":64}},"12":{"start":{"line":32,"column":8},"end":{"line":32,"column":37}},"13":{"start":{"line":36,"column":26},"end":{"line":36,"column":64}},"14":{"start":{"line":37,"column":8},"end":{"line":37,"column":34}},"15":{"start":{"line":41,"column":26},"end":{"line":41,"column":63}},"16":{"start":{"line":42,"column":8},"end":{"line":42,"column":68}},"17":{"start":{"line":42,"column":24},"end":{"line":42,"column":68}},"18":{"start":{"line":43,"column":8},"end":{"line":43,"column":25}},"19":{"start":{"line":47,"column":24},"end":{"line":47,"column":77}},"20":{"start":{"line":48,"column":26},"end":{"line":48,"column":84}},"21":{"start":{"line":49,"column":8},"end":{"line":49,"column":68}},"22":{"start":{"line":49,"column":24},"end":{"line":49,"column":68}},"23":{"start":{"line":50,"column":8},"end":{"line":50,"column":25}},"24":{"start":{"line":54,"column":27},"end":{"line":54,"column":52}},"25":{"start":{"line":55,"column":8},"end":{"line":55,"column":26}},"26":{"start":{"line":59,"column":26},"end":{"line":59,"column":64}},"27":{"start":{"line":60,"column":8},"end":{"line":60,"column":49}},"28":{"start":{"line":61,"column":8},"end":{"line":61,"column":54}},"29":{"start":{"line":66,"column":0},"end":{"line":66,"column":38}}},"fnMap":{"0":{"name":"(anonymous_8)","decl":{"start":{"line":8,"column":10},"end":{"line":8,"column":23}},"loc":{"start":{"line":8,"column":102},"end":{"line":28,"column":null}}},"1":{"name":"(anonymous_10)","decl":{"start":{"line":30,"column":10},"end":{"line":30,"column":24}},"loc":{"start":{"line":30,"column":66},"end":{"line":33,"column":null}}},"2":{"name":"(anonymous_12)","decl":{"start":{"line":35,"column":10},"end":{"line":35,"column":25}},"loc":{"start":{"line":35,"column":45},"end":{"line":38,"column":null}}},"3":{"name":"(anonymous_14)","decl":{"start":{"line":40,"column":10},"end":{"line":40,"column":24}},"loc":{"start":{"line":40,"column":44},"end":{"line":44,"column":null}}},"4":{"name":"(anonymous_16)","decl":{"start":{"line":46,"column":10},"end":{"line":46,"column":34}},"loc":{"start":{"line":46,"column":54},"end":{"line":51,"column":null}}},"5":{"name":"(anonymous_18)","decl":{"start":{"line":53,"column":10},"end":{"line":53,"column":32}},"loc":{"start":{"line":53,"column":32},"end":{"line":56,"column":null}}},"6":{"name":"(anonymous_20)","decl":{"start":{"line":58,"column":10},"end":{"line":58,"column":25}},"loc":{"start":{"line":58,"column":45},"end":{"line":62,"column":null}}}},"branchMap":{"0":{"loc":{"start":{"line":13,"column":8},"end":{"line":13,"column":106}},"type":"if","locations":[{"start":{"line":13,"column":8},"end":{"line":13,"column":106}}]},"1":{"loc":{"start":{"line":42,"column":8},"end":{"line":42,"column":68}},"type":"if","locations":[{"start":{"line":42,"column":8},"end":{"line":42,"column":68}}]},"2":{"loc":{"start":{"line":49,"column":8},"end":{"line":49,"column":68}},"type":"if","locations":[{"start":{"line":49,"column":8},"end":{"line":49,"column":68}}]}},"s":{"0":3,"1":3,"2":3,"3":3,"4":2,"5":2,"6":2,"7":1,"8":1,"9":1,"10":1,"11":1,"12":1,"13":1,"14":1,"15":6,"16":6,"17":1,"18":5,"19":4,"20":4,"21":4,"22":1,"23":3,"24":1,"25":1,"26":1,"27":1,"28":1,"29":3},"f":{"0":2,"1":1,"2":1,"3":6,"4":4,"5":1,"6":1},"b":{"0":[1],"1":[1],"2":[1]}}
,"H:\\Documentos\\CODE\\TP-Eng-Software\\server\\src\\entidades\\Peca\\services\\PecaService.ts": {"path":"H:\\Documentos\\CODE\\TP-Eng-Software\\server\\src\\entidades\\Peca\\services\\PecaService.ts","statementMap":{"0":{"start":{"line":1,"column":0},"end":{"line":1,"column":49}},"1":{"start":{"line":5,"column":8},"end":{"line":7,"column":null}},"2":{"start":{"line":6,"column":12},"end":{"line":6,"column":53}},"3":{"start":{"line":8,"column":25},"end":{"line":15,"column":null}},"4":{"start":{"line":16,"column":8},"end":{"line":16,"column":36}},"5":{"start":{"line":20,"column":21},"end":{"line":20,"column":49}},"6":{"start":{"line":21,"column":8},"end":{"line":21,"column":32}},"7":{"start":{"line":25,"column":21},"end":{"line":25,"column":49}},"8":{"start":{"line":26,"column":8},"end":{"line":26,"column":29}},"9":{"start":{"line":30,"column":21},"end":{"line":30,"column":48}},"10":{"start":{"line":31,"column":8},"end":{"line":31,"column":58}},"11":{"start":{"line":31,"column":19},"end":{"line":31,"column":58}},"12":{"start":{"line":32,"column":8},"end":{"line":32,"column":20}},"13":{"start":{"line":36,"column":21},"end":{"line":36,"column":66}},"14":{"start":{"line":37,"column":8},"end":{"line":37,"column":58}},"15":{"start":{"line":37,"column":19},"end":{"line":37,"column":58}},"16":{"start":{"line":38,"column":8},"end":{"line":38,"column":20}},"17":{"start":{"line":42,"column":21},"end":{"line":42,"column":49}},"18":{"start":{"line":43,"column":32},"end":{"line":43,"column":59}},"19":{"start":{"line":44,"column":8},"end":{"line":59,"column":null}},"20":{"start":{"line":45,"column":33},"end":{"line":45,"column":61}},"21":{"start":{"line":46,"column":27},"end":{"line":54,"column":null}},"22":{"start":{"line":55,"column":12},"end":{"line":55,"column":54}},"23":{"start":{"line":58,"column":12},"end":{"line":58,"column":57}},"24":{"start":{"line":63,"column":21},"end":{"line":63,"column":58}},"25":{"start":{"line":64,"column":41},"end":{"line":64,"column":68}},"26":{"start":{"line":65,"column":29},"end":{"line":65,"column":57}},"27":{"start":{"line":66,"column":8},"end":{"line":66,"column":91}},"28":{"start":{"line":70,"column":22},"end":{"line":70,"column":42}},"29":{"start":{"line":71,"column":8},"end":{"line":71,"column":21}},"30":{"start":{"line":75,"column":0},"end":{"line":75,"column":33}}},"fnMap":{"0":{"name":"(anonymous_7)","decl":{"start":{"line":4,"column":10},"end":{"line":4,"column":18}},"loc":{"start":{"line":4,"column":34},"end":{"line":17,"column":null}}},"1":{"name":"(anonymous_9)","decl":{"start":{"line":19,"column":10},"end":{"line":19,"column":19}},"loc":{"start":{"line":19,"column":51},"end":{"line":22,"column":null}}},"2":{"name":"(anonymous_11)","decl":{"start":{"line":24,"column":10},"end":{"line":24,"column":20}},"loc":{"start":{"line":24,"column":35},"end":{"line":27,"column":null}}},"3":{"name":"(anonymous_13)","decl":{"start":{"line":29,"column":10},"end":{"line":29,"column":19}},"loc":{"start":{"line":29,"column":34},"end":{"line":33,"column":null}}},"4":{"name":"(anonymous_15)","decl":{"start":{"line":35,"column":10},"end":{"line":35,"column":26}},"loc":{"start":{"line":35,"column":43},"end":{"line":39,"column":null}}},"5":{"name":"(anonymous_17)","decl":{"start":{"line":41,"column":10},"end":{"line":41,"column":19}},"loc":{"start":{"line":41,"column":54},"end":{"line":60,"column":null}}},"6":{"name":"(anonymous_19)","decl":{"start":{"line":62,"column":10},"end":{"line":62,"column":22}},"loc":{"start":{"line":62,"column":59},"end":{"line":67,"column":null}}},"7":{"name":"(anonymous_21)","decl":{"start":{"line":69,"column":10},"end":{"line":69,"column":27}},"loc":{"start":{"line":69,"column":27},"end":{"line":72,"column":null}}}},"branchMap":{"0":{"loc":{"start":{"line":5,"column":8},"end":{"line":7,"column":null}},"type":"if","locations":[{"start":{"line":5,"column":8},"end":{"line":7,"column":null}}]},"1":{"loc":{"start":{"line":5,"column":12},"end":{"line":5,"column":95}},"type":"binary-expr","locations":[{"start":{"line":5,"column":12},"end":{"line":5,"column":37}},{"start":{"line":5,"column":41},"end":{"line":5,"column":66}},{"start":{"line":5,"column":70},"end":{"line":5,"column":95}}]},"2":{"loc":{"start":{"line":31,"column":8},"end":{"line":31,"column":58}},"type":"if","locations":[{"start":{"line":31,"column":8},"end":{"line":31,"column":58}}]},"3":{"loc":{"start":{"line":37,"column":8},"end":{"line":37,"column":58}},"type":"if","locations":[{"start":{"line":37,"column":8},"end":{"line":37,"column":58}}]},"4":{"loc":{"start":{"line":44,"column":8},"end":{"line":59,"column":null}},"type":"if","locations":[{"start":{"line":44,"column":8},"end":{"line":59,"column":null}},{"start":{"line":57,"column":13},"end":{"line":59,"column":null}}]}},"s":{"0":4,"1":2,"2":1,"3":1,"4":1,"5":1,"6":1,"7":1,"8":1,"9":6,"10":6,"11":1,"12":5,"13":7,"14":7,"15":1,"16":6,"17":2,"18":2,"19":2,"20":1,"21":1,"22":1,"23":1,"24":1,"25":1,"26":1,"27":1,"28":1,"29":1,"30":4},"f":{"0":2,"1":1,"2":1,"3":6,"4":7,"5":2,"6":1,"7":1},"b":{"0":[1],"1":[2,1,1],"2":[1],"3":[1],"4":[1,1]}}
,"H:\\Documentos\\CODE\\TP-Eng-Software\\server\\src\\entidades\\PecaServico\\services\\PecaServicoService.ts": {"path":"H:\\Documentos\\CODE\\TP-Eng-Software\\server\\src\\entidades\\PecaServico\\services\\PecaServicoService.ts","statementMap":{"0":{"start":{"line":1,"column":0},"end":{"line":1,"column":46}},"1":{"start":{"line":2,"column":0},"end":{"line":2,"column":55}},"2":{"start":{"line":3,"column":0},"end":{"line":3,"column":52}},"3":{"start":{"line":8,"column":22},"end":{"line":23,"column":null}},"4":{"start":{"line":25,"column":8},"end":{"line":25,"column":21}},"5":{"start":{"line":29,"column":22},"end":{"line":40,"column":10}},"6":{"start":{"line":41,"column":8},"end":{"line":41,"column":21}},"7":{"start":{"line":45,"column":0},"end":{"line":45,"column":40}}},"fnMap":{"0":{"name":"(anonymous_7)","decl":{"start":{"line":7,"column":10},"end":{"line":7,"column":32}},"loc":{"start":{"line":7,"column":50},"end":{"line":26,"column":null}}},"1":{"name":"(anonymous_9)","decl":{"start":{"line":28,"column":10},"end":{"line":28,"column":34}},"loc":{"start":{"line":28,"column":34},"end":{"line":42,"column":null}}}},"branchMap":{},"s":{"0":1,"1":1,"2":1,"3":1,"4":1,"5":1,"6":1,"7":1},"f":{"0":1,"1":1},"b":{}}
,"H:\\Documentos\\CODE\\TP-Eng-Software\\server\\src\\entidades\\Servico\\services\\ServicoService.ts": {"path":"H:\\Documentos\\CODE\\TP-Eng-Software\\server\\src\\entidades\\Servico\\services\\ServicoService.ts","statementMap":{"0":{"start":{"line":2,"column":0},"end":{"line":2,"column":67}},"1":{"start":{"line":3,"column":0},"end":{"line":3,"column":67}},"2":{"start":{"line":4,"column":0},"end":{"line":4,"column":79}},"3":{"start":{"line":5,"column":0},"end":{"line":5,"column":61}},"4":{"start":{"line":6,"column":0},"end":{"line":6,"column":73}},"5":{"start":{"line":7,"column":0},"end":{"line":7,"column":58}},"6":{"start":{"line":8,"column":0},"end":{"line":8,"column":67}},"7":{"start":{"line":9,"column":0},"end":{"line":9,"column":58}},"8":{"start":{"line":13,"column":26},"end":{"line":13,"column":76}},"9":{"start":{"line":14,"column":28},"end":{"line":14,"column":83}},"10":{"start":{"line":15,"column":28},"end":{"line":19,"column":null}},"11":{"start":{"line":20,"column":8},"end":{"line":20,"column":67}},"12":{"start":{"line":21,"column":24},"end":{"line":21,"column":57}},"13":{"start":{"line":23,"column":8},"end":{"line":23,"column":null}},"14":{"start":{"line":27,"column":24},"end":{"line":27,"column":58}},"15":{"start":{"line":28,"column":8},"end":{"line":28,"column":35}},"16":{"start":{"line":32,"column":24},"end":{"line":32,"column":58}},"17":{"start":{"line":33,"column":8},"end":{"line":33,"column":32}},"18":{"start":{"line":37,"column":24},"end":{"line":37,"column":57}},"19":{"start":{"line":38,"column":8},"end":{"line":38,"column":64}},"20":{"start":{"line":38,"column":22},"end":{"line":38,"column":64}},"21":{"start":{"line":39,"column":8},"end":{"line":39,"column":23}},"22":{"start":{"line":43,"column":25},"end":{"line":43,"column":48}},"23":{"start":{"line":44,"column":8},"end":{"line":44,"column":24}},"24":{"start":{"line":48,"column":28},"end":{"line":48,"column":95}},"25":{"start":{"line":49,"column":25},"end":{"line":49,"column":89}},"26":{"start":{"line":50,"column":8},"end":{"line":50,"column":24}},"27":{"start":{"line":54,"column":24},"end":{"line":54,"column":77}},"28":{"start":{"line":55,"column":26},"end":{"line":55,"column":87}},"29":{"start":{"line":56,"column":24},"end":{"line":72,"column":null}},"30":{"start":{"line":74,"column":8},"end":{"line":74,"column":23}},"31":{"start":{"line":78,"column":25},"end":{"line":78,"column":73}},"32":{"start":{"line":79,"column":8},"end":{"line":79,"column":24}},"33":{"start":{"line":83,"column":24},"end":{"line":83,"column":58}},"34":{"start":{"line":84,"column":21},"end":{"line":84,"column":65}},"35":{"start":{"line":85,"column":28},"end":{"line":89,"column":null}},"36":{"start":{"line":90,"column":8},"end":{"line":90,"column":46}},"37":{"start":{"line":94,"column":0},"end":{"line":94,"column":36}}},"fnMap":{"0":{"name":"(anonymous_8)","decl":{"start":{"line":12,"column":10},"end":{"line":12,"column":21}},"loc":{"start":{"line":12,"column":41},"end":{"line":24,"column":null}}},"1":{"name":"(anonymous_10)","decl":{"start":{"line":26,"column":10},"end":{"line":26,"column":22}},"loc":{"start":{"line":26,"column":60},"end":{"line":29,"column":null}}},"2":{"name":"(anonymous_12)","decl":{"start":{"line":31,"column":10},"end":{"line":31,"column":23}},"loc":{"start":{"line":31,"column":41},"end":{"line":34,"column":null}}},"3":{"name":"(anonymous_14)","decl":{"start":{"line":36,"column":10},"end":{"line":36,"column":22}},"loc":{"start":{"line":36,"column":40},"end":{"line":40,"column":null}}},"4":{"name":"(anonymous_16)","decl":{"start":{"line":42,"column":10},"end":{"line":42,"column":30}},"loc":{"start":{"line":42,"column":30},"end":{"line":45,"column":null}}},"5":{"name":"(anonymous_18)","decl":{"start":{"line":47,"column":10},"end":{"line":47,"column":39}},"loc":{"start":{"line":47,"column":63},"end":{"line":51,"column":null}}},"6":{"name":"(anonymous_20)","decl":{"start":{"line":53,"column":10},"end":{"line":53,"column":35}},"loc":{"start":{"line":53,"column":55},"end":{"line":75,"column":null}}},"7":{"name":"(anonymous_22)","decl":{"start":{"line":77,"column":10},"end":{"line":77,"column":34}},"loc":{"start":{"line":77,"column":49},"end":{"line":80,"column":null}}},"8":{"name":"(anonymous_24)","decl":{"start":{"line":82,"column":10},"end":{"line":82,"column":26}},"loc":{"start":{"line":82,"column":82},"end":{"line":91,"column":null}}}},"branchMap":{"0":{"loc":{"start":{"line":38,"column":8},"end":{"line":38,"column":64}},"type":"if","locations":[{"start":{"line":38,"column":8},"end":{"line":38,"column":64}}]}},"s":{"0":3,"1":3,"2":3,"3":3,"4":3,"5":3,"6":3,"7":3,"8":1,"9":1,"10":1,"11":1,"12":1,"13":1,"14":1,"15":1,"16":1,"17":1,"18":6,"19":6,"20":1,"21":5,"22":1,"23":1,"24":1,"25":1,"26":1,"27":1,"28":1,"29":1,"30":1,"31":1,"32":1,"33":2,"34":2,"35":2,"36":2,"37":3},"f":{"0":1,"1":1,"2":1,"3":6,"4":1,"5":1,"6":1,"7":1,"8":2},"b":{"0":[1]}}
}
