TN:
SF:src/entidades/Cliente/services/ClienteService.ts
FN:6,(anonymous_8)
FN:18,(anonymous_10)
FN:23,(anonymous_12)
FN:28,(anonymous_14)
FN:34,(anonymous_16)
FN:40,(anonymous_18)
FN:45,(anonymous_20)
FNF:7
FNH:7
FNDA:1,(anonymous_8)
FNDA:1,(anonymous_10)
FNDA:1,(anonymous_12)
FNDA:5,(anonymous_14)
FNDA:9,(anonymous_16)
FNDA:1,(anonymous_18)
FNDA:1,(anonymous_20)
DA:2,3
DA:3,3
DA:7,1
DA:15,1
DA:19,1
DA:20,1
DA:24,1
DA:25,1
DA:29,5
DA:30,5
DA:31,4
DA:35,9
DA:36,9
DA:37,8
DA:41,1
DA:42,1
DA:46,1
DA:47,1
DA:48,1
DA:53,3
LF:20
LH:20
BRDA:30,0,0,1
BRDA:36,1,0,1
BRF:2
BRH:2
end_of_record
TN:
SF:src/entidades/Funcionario/services/FuncionarioService.ts
FN:4,(anonymous_7)
FN:15,(anonymous_9)
FN:20,(anonymous_11)
FN:25,(anonymous_13)
FN:31,(anonymous_15)
FN:36,(anonymous_17)
FN:41,(anonymous_19)
FN:47,(anonymous_21)
FN:52,(anonymous_23)
FN:58,(anonymous_25)
FNF:10
FNH:10
FNDA:1,(anonymous_7)
FNDA:1,(anonymous_9)
FNDA:1,(anonymous_11)
FNDA:6,(anonymous_13)
FNDA:1,(anonymous_15)
FNDA:1,(anonymous_17)
FNDA:3,(anonymous_19)
FNDA:1,(anonymous_21)
FNDA:3,(anonymous_23)
FNDA:2,(anonymous_25)
DA:1,4
DA:5,1
DA:12,1
DA:16,1
DA:17,1
DA:21,1
DA:22,1
DA:26,6
DA:27,6
DA:28,5
DA:32,1
DA:33,1
DA:37,1
DA:38,1
DA:42,3
DA:43,3
DA:44,2
DA:48,1
DA:49,1
DA:53,3
DA:54,3
DA:55,2
DA:59,2
DA:60,2
DA:64,4
LF:25
LH:25
BRDA:27,0,0,1
BRDA:43,1,0,1
BRDA:54,2,0,1
BRF:3
BRH:3
end_of_record
TN:
SF:src/entidades/Orcamento/services/OrcamentoService.ts
FN:8,(anonymous_8)
FN:30,(anonymous_10)
FN:35,(anonymous_12)
FN:40,(anonymous_14)
FN:46,(anonymous_16)
FN:53,(anonymous_18)
FN:58,(anonymous_20)
FNF:7
FNH:7
FNDA:2,(anonymous_8)
FNDA:1,(anonymous_10)
FNDA:1,(anonymous_12)
FNDA:6,(anonymous_14)
FNDA:4,(anonymous_16)
FNDA:1,(anonymous_18)
FNDA:1,(anonymous_20)
DA:2,3
DA:3,3
DA:4,3
DA:5,3
DA:9,2
DA:11,2
DA:13,2
DA:15,1
DA:17,1
DA:27,1
DA:31,1
DA:32,1
DA:36,1
DA:37,1
DA:41,6
DA:42,6
DA:43,5
DA:47,4
DA:48,4
DA:49,4
DA:50,3
DA:54,1
DA:55,1
DA:59,1
DA:60,1
DA:61,1
DA:66,3
LF:27
LH:27
BRDA:13,0,0,1
BRDA:42,1,0,1
BRDA:49,2,0,1
BRF:3
BRH:3
end_of_record
TN:
SF:src/entidades/Peca/services/PecaService.ts
FN:4,(anonymous_7)
FN:19,(anonymous_9)
FN:24,(anonymous_11)
FN:29,(anonymous_13)
FN:35,(anonymous_15)
FN:41,(anonymous_17)
FN:62,(anonymous_19)
FN:69,(anonymous_21)
FNF:8
FNH:8
FNDA:2,(anonymous_7)
FNDA:1,(anonymous_9)
FNDA:1,(anonymous_11)
FNDA:6,(anonymous_13)
FNDA:7,(anonymous_15)
FNDA:2,(anonymous_17)
FNDA:1,(anonymous_19)
FNDA:1,(anonymous_21)
DA:1,4
DA:5,2
DA:6,1
DA:8,1
DA:16,1
DA:20,1
DA:21,1
DA:25,1
DA:26,1
DA:30,6
DA:31,6
DA:32,5
DA:36,7
DA:37,7
DA:38,6
DA:42,2
DA:43,2
DA:44,2
DA:45,1
DA:46,1
DA:55,1
DA:58,1
DA:63,1
DA:64,1
DA:65,1
DA:66,1
DA:70,1
DA:71,1
DA:75,4
LF:29
LH:29
BRDA:5,0,0,1
BRDA:5,1,0,2
BRDA:5,1,1,1
BRDA:5,1,2,1
BRDA:31,2,0,1
BRDA:37,3,0,1
BRDA:44,4,0,1
BRDA:44,4,1,1
BRF:8
BRH:8
end_of_record
TN:
SF:src/entidades/PecaServico/services/PecaServicoService.ts
FN:7,(anonymous_7)
FN:28,(anonymous_9)
FNF:2
FNH:2
FNDA:1,(anonymous_7)
FNDA:1,(anonymous_9)
DA:1,1
DA:2,1
DA:3,1
DA:8,1
DA:25,1
DA:29,1
DA:41,1
DA:45,1
LF:8
LH:8
BRF:0
BRH:0
end_of_record
TN:
SF:src/entidades/Servico/services/ServicoService.ts
FN:12,(anonymous_8)
FN:26,(anonymous_10)
FN:31,(anonymous_12)
FN:36,(anonymous_14)
FN:42,(anonymous_16)
FN:47,(anonymous_18)
FN:53,(anonymous_20)
FN:77,(anonymous_22)
FN:82,(anonymous_24)
FNF:9
FNH:9
FNDA:1,(anonymous_8)
FNDA:1,(anonymous_10)
FNDA:1,(anonymous_12)
FNDA:6,(anonymous_14)
FNDA:1,(anonymous_16)
FNDA:1,(anonymous_18)
FNDA:1,(anonymous_20)
FNDA:1,(anonymous_22)
FNDA:2,(anonymous_24)
DA:2,3
DA:3,3
DA:4,3
DA:5,3
DA:6,3
DA:7,3
DA:8,3
DA:9,3
DA:13,1
DA:14,1
DA:15,1
DA:20,1
DA:21,1
DA:23,1
DA:27,1
DA:28,1
DA:32,1
DA:33,1
DA:37,6
DA:38,6
DA:39,5
DA:43,1
DA:44,1
DA:48,1
DA:49,1
DA:50,1
DA:54,1
DA:55,1
DA:56,1
DA:74,1
DA:78,1
DA:79,1
DA:83,2
DA:84,2
DA:85,2
DA:90,2
DA:94,3
LF:37
LH:37
BRDA:38,0,0,1
BRF:1
BRH:1
end_of_record
